<?xml version="1.0" encoding="UTF-8"?>
<!-- Generated by org.testng.reporters.JUnitReportReporter -->
<testsuite ignored="0" hostname="LAPTOP-Q5PI5ONK" failures="0" tests="3" name="com.gmail.testCase.LoginTestCRM" time="89.145" errors="0" timestamp="02 Nov 2020 15:19:55 GMT" skipped="0">
  <testcase classname="com.gmail.testCase.LoginTestCRM" name="mailCount" time="32.522"/>
  <testcase classname="com.gmail.testCase.LoginTestCRM" name="loginApp" time="27.494"/>
  <testcase classname="com.gmail.testCase.LoginTestCRM" name="sender" time="29.129"/>
</testsuite> <!-- com.gmail.testCase.LoginTestCRM -->
