<?xml version="1.0" encoding="UTF-8"?>
<!-- Generated by org.testng.reporters.JUnitReportReporter -->
<testsuite ignored="0" hostname="LAPTOP-Q5PI5ONK" failures="0" tests="3" name="com.learnAutomation.testCase.LoginTestCRM" time="85.283" errors="0" timestamp="25 Oct 2020 22:36:51 GMT" skipped="0">
  <testcase classname="com.learnAutomation.testCase.LoginTestCRM" name="sender" time="27.169"/>
  <testcase classname="com.learnAutomation.testCase.LoginTestCRM" name="mailCount" time="30.270"/>
  <testcase classname="com.learnAutomation.testCase.LoginTestCRM" name="loginApp" time="27.844"/>
</testsuite> <!-- com.learnAutomation.testCase.LoginTestCRM -->
